<?xml version="1.0" encoding="UTF-8"?>
<testng-results ignored="0" total="1" passed="1" failed="0" skipped="0">
  <reporter-output>
    <line>
      <![CDATA[the file is executed]]>
    </line>
  </reporter-output>
  <suite started-at="2025-12-02T09:07:21 IST" name="Suite" finished-at="2025-12-02T09:07:21 IST" duration-ms="53">
    <groups>
    </groups>
    <test started-at="2025-12-02T09:07:21 IST" name="Test" finished-at="2025-12-02T09:07:21 IST" duration-ms="53">
      <class name="excuteBothPomAndTestngxml.testMethod">
        <test-method signature="test1()[pri:0, instance:excuteBothPomAndTestngxml.testMethod@1ce24091]" started-at="2025-12-02T09:07:21 IST" name="test1" finished-at="2025-12-02T09:07:21 IST" duration-ms="10" status="PASS">
          <reporter-output>
            <line>
              <![CDATA[the file is executed]]>
            </line>
          </reporter-output>
        </test-method> <!-- test1 -->
      </class> <!-- excuteBothPomAndTestngxml.testMethod -->
    </test> <!-- Test -->
  </suite> <!-- Suite -->
</testng-results>
