<?xml version="1.0" encoding="UTF-8"?>
<!-- Generated by org.testng.reporters.JUnitReportReporter -->
<testsuite hostname="ARUN" failures="0" tests="1" name="excuteBothPomAndTestngxml.testMethod" time="0.010" errors="0" timestamp="2025-12-02T09:07:21 IST" skipped="0">
  <testcase classname="excuteBothPomAndTestngxml.testMethod" name="test1" time="0.010">
    <system-out>
      <![CDATA[the file is executed]]>
    </system-out>
  </testcase> <!-- test1 -->
  <system-out>
    <![CDATA[the file is executed]]>
  </system-out>
</testsuite> <!-- excuteBothPomAndTestngxml.testMethod -->
