<?xml version="1.0" encoding="UTF-8"?>
<!-- Generated by org.testng.reporters.JUnitReportReporter -->
<testsuite hostname="ARUN" failures="0" tests="8" name="com.demowebshop.register.Register_Module" time="51.894" errors="0" timestamp="2025-11-30T21:42:41 IST" skipped="0">
  <testcase classname="com.demowebshop.register.Register_Module" name="registerTest" time="0.995"/>
  <testcase classname="com.demowebshop.register.Register_Module" name="registerTest" time="1.140"/>
  <testcase classname="com.demowebshop.register.Register_Module" name="registerTest" time="7.753"/>
  <testcase classname="com.demowebshop.register.Register_Module" name="registerTest" time="8.140"/>
  <testcase classname="com.demowebshop.register.Register_Module" name="registerTest" time="8.325"/>
  <testcase classname="com.demowebshop.register.Register_Module" name="registerTest" time="8.084"/>
  <testcase classname="com.demowebshop.register.Register_Module" name="registerTest" time="8.939"/>
  <testcase classname="com.demowebshop.register.Register_Module" name="registerTest" time="8.518"/>
</testsuite> <!-- com.demowebshop.register.Register_Module -->
