<?xml version="1.0" encoding="UTF-8"?>
<!-- Generated by org.testng.reporters.JUnitReportReporter -->
<testsuite hostname="ARUN" failures="0" tests="16" name="com.demowebshop.login.Login_Module" time="87.963" errors="0" timestamp="2025-11-30T22:26:44 IST" skipped="0">
  <testcase classname="com.demowebshop.login.Login_Module" name="loginTest" time="6.166"/>
  <testcase classname="com.demowebshop.login.Login_Module" name="loginTest" time="7.544"/>
  <testcase classname="com.demowebshop.login.Login_Module" name="loginTest" time="1.925"/>
  <testcase classname="com.demowebshop.login.Login_Module" name="loginTest" time="6.312"/>
  <testcase classname="com.demowebshop.login.Login_Module" name="loginTest" time="3.848"/>
  <testcase classname="com.demowebshop.login.Login_Module" name="loginTest" time="6.145"/>
  <testcase classname="com.demowebshop.login.Login_Module" name="loginTest" time="3.627"/>
  <testcase classname="com.demowebshop.login.Login_Module" name="loginTest" time="7.150"/>
  <testcase classname="com.demowebshop.login.Login_Module" name="loginTest" time="4.057"/>
  <testcase classname="com.demowebshop.login.Login_Module" name="loginTest" time="7.081"/>
  <testcase classname="com.demowebshop.login.Login_Module" name="loginTest" time="4.267"/>
  <testcase classname="com.demowebshop.login.Login_Module" name="loginTest" time="6.339"/>
  <testcase classname="com.demowebshop.login.Login_Module" name="loginTest" time="7.072"/>
  <testcase classname="com.demowebshop.login.Login_Module" name="loginTest" time="6.654"/>
  <testcase classname="com.demowebshop.login.Login_Module" name="loginTest" time="5.979"/>
  <testcase classname="com.demowebshop.login.Login_Module" name="loginTest" time="3.797"/>
</testsuite> <!-- com.demowebshop.login.Login_Module -->
