<?xml version="1.0" encoding="UTF-8"?>
<!-- Generated by org.testng.reporters.JUnitReportReporter -->
<testsuite hostname="ARUN" failures="0" tests="1" name="com.demowebshop.FromCompareCheapProductAddToCart.Compare_LessCostToAddToCart" time="17.563" errors="0" timestamp="2025-12-02T08:42:05 IST" skipped="0">
  <testcase classname="com.demowebshop.FromCompareCheapProductAddToCart.Compare_LessCostToAddToCart" name="addLessCostItem" time="17.563">
    <system-out>
      <![CDATA[the price difference between item1 and item2 is: 1000]]>
    </system-out>
  </testcase> <!-- addLessCostItem -->
  <system-out>
    <![CDATA[the price difference between item1 and item2 is: 1000]]>
  </system-out>
</testsuite> <!-- com.demowebshop.FromCompareCheapProductAddToCart.Compare_LessCostToAddToCart -->
