<?xml version="1.0" encoding="UTF-8"?>
<!-- Generated by org.testng.reporters.JUnitReportReporter -->
<testsuite hostname="ARUN" failures="0" tests="1" name="com.demowebshop.compare.Compare_Module" time="38.817" errors="0" timestamp="2025-12-02T07:12:31 IST" skipped="0">
  <testcase classname="com.demowebshop.compare.Compare_Module" name="compareTest" time="38.817">
    <system-out>
      <![CDATA[the price difference between item1 and item2 is: 1000]]>
    </system-out>
  </testcase> <!-- compareTest -->
  <system-out>
    <![CDATA[the price difference between item1 and item2 is: 1000]]>
  </system-out>
</testsuite> <!-- com.demowebshop.compare.Compare_Module -->
